2021-08-29 16:28:19,634 [Worker-48: Building] INFO  o.e.m.c.i.l.LifecycleMappingFactory - Using DEFAULT lifecycle mapping for MavenProject: koko.logmodel:koko.logmodel.feature:1.0.0-SNAPSHOT @ C:\Users\dherschmann\Documents\koko\koko.logmodel.parent\koko.logmodel.feature\pom.xml.
2021-08-29 16:28:19,842 [Worker-48: Building] INFO  o.e.m.c.i.l.LifecycleMappingFactory - Using DEFAULT lifecycle mapping for MavenProject: koko.logmodel:koko.logmodel.feature:1.0.0-SNAPSHOT @ C:\Users\dherschmann\Documents\koko\koko.logmodel.parent\koko.logmodel.feature\pom.xml.
2021-08-29 16:28:19,844 [Worker-48: Building] INFO  o.e.m.c.i.l.LifecycleMappingFactory - Using NULL lifecycle mapping for MavenProject: koko.logmodel:koko.logmodel.parent:1.0.0-SNAPSHOT @ C:\Users\dherschmann\Documents\koko\koko.logmodel.parent\pom.xml.
2021-08-29 16:28:19,911 [Worker-48: Building] INFO  o.e.m.c.i.l.LifecycleMappingFactory - Using DEFAULT lifecycle mapping for MavenProject: koko.logmodel:koko.logmodel.feature:1.0.0-SNAPSHOT @ C:\Users\dherschmann\Documents\koko\koko.logmodel.parent\koko.logmodel.feature\pom.xml.
2021-08-29 16:28:20,005 [Worker-48: Building] INFO  o.e.m.c.i.l.LifecycleMappingFactory - Using DEFAULT lifecycle mapping for MavenProject: koko.logmodel:koko.logmodel.repository:1.0.0-SNAPSHOT @ C:\Users\dherschmann\Documents\koko\koko.logmodel.parent\koko.logmodel.repository\pom.xml.
2021-08-29 16:28:20,212 [Worker-48: Building] INFO  o.e.m.c.i.embedder.EclipseLogger - Using 'windows-1252' encoding to copy filtered resources.
2021-08-29 16:28:20,212 [Worker-48: Building] INFO  o.e.m.c.i.embedder.EclipseLogger - skip non existing resourceDirectory C:\Users\dherschmann\Documents\koko\koko.logmodel.parent\koko.logmodel.repository\src\main\resources
2021-08-29 16:28:20,269 [Worker-48: Building] INFO  o.e.m.c.i.l.LifecycleMappingFactory - Using DEFAULT lifecycle mapping for MavenProject: koko.logmodel:koko.logmodel.target:1.0.0-SNAPSHOT @ C:\Users\dherschmann\Documents\koko\koko.logmodel.parent\koko.logmodel.target\pom.xml.
2021-08-29 16:28:20,474 [Worker-48: Building] INFO  o.e.m.c.i.l.LifecycleMappingFactory - Using DEFAULT lifecycle mapping for MavenProject: koko.logmodel:koko.logmodel:1.0.0-SNAPSHOT @ C:\Users\dherschmann\Documents\koko\koko.logmodel.parent\koko.logmodel\pom.xml.
2021-08-29 16:28:20,479 [Worker-48: Building] INFO  o.e.m.c.i.embedder.EclipseLogger - Using 'windows-1252' encoding to copy filtered resources.
2021-08-29 16:28:20,480 [Worker-48: Building] INFO  o.e.m.c.i.embedder.EclipseLogger - skip non existing resourceDirectory C:\Users\dherschmann\Documents\koko\koko.logmodel.parent\koko.logmodel\src\main\resources
2021-08-29 16:28:20,481 [Worker-48: Building] INFO  o.e.m.c.i.embedder.EclipseLogger - Using 'windows-1252' encoding to copy filtered resources.
2021-08-29 16:28:20,481 [Worker-48: Building] INFO  o.e.m.c.i.embedder.EclipseLogger - skip non existing resourceDirectory C:\Users\dherschmann\Documents\koko\koko.logmodel.parent\koko.logmodel\src\test\resources
2021-08-29 16:28:21,973 [Worker-48: Building] INFO  o.e.m.c.i.l.LifecycleMappingFactory - Using DEFAULT lifecycle mapping for MavenProject: koko.logmodel:koko.logmodel.tests:1.0.0-SNAPSHOT @ C:\Users\dherschmann\Documents\koko\koko.logmodel.parent\koko.logmodel.tests\pom.xml.
2021-08-29 16:28:21,998 [Worker-48: Building] INFO  o.e.m.c.i.embedder.EclipseLogger - Using 'windows-1252' encoding to copy filtered resources.
2021-08-29 16:28:21,998 [Worker-48: Building] INFO  o.e.m.c.i.embedder.EclipseLogger - skip non existing resourceDirectory C:\Users\dherschmann\Documents\koko\koko.logmodel.parent\koko.logmodel.tests\src\main\resources
2021-08-29 16:28:21,999 [Worker-48: Building] INFO  o.e.m.c.i.embedder.EclipseLogger - Using 'windows-1252' encoding to copy filtered resources.
2021-08-29 16:28:21,999 [Worker-48: Building] INFO  o.e.m.c.i.embedder.EclipseLogger - skip non existing resourceDirectory C:\Users\dherschmann\Documents\koko\koko.logmodel.parent\koko.logmodel.tests\src\test\resources
2021-08-29 16:28:22,160 [Worker-48: Building] INFO  o.e.m.c.i.l.LifecycleMappingFactory - Using DEFAULT lifecycle mapping for MavenProject: koko.logmodel:koko.logmodel.ide:1.0.0-SNAPSHOT @ C:\Users\dherschmann\Documents\koko\koko.logmodel.parent\koko.logmodel.ide\pom.xml.
2021-08-29 16:28:22,168 [Worker-48: Building] INFO  o.e.m.c.i.embedder.EclipseLogger - Using 'windows-1252' encoding to copy filtered resources.
2021-08-29 16:28:22,168 [Worker-48: Building] INFO  o.e.m.c.i.embedder.EclipseLogger - skip non existing resourceDirectory C:\Users\dherschmann\Documents\koko\koko.logmodel.parent\koko.logmodel.ide\src\main\resources
2021-08-29 16:28:22,169 [Worker-48: Building] INFO  o.e.m.c.i.embedder.EclipseLogger - Using 'windows-1252' encoding to copy filtered resources.
2021-08-29 16:28:22,169 [Worker-48: Building] INFO  o.e.m.c.i.embedder.EclipseLogger - skip non existing resourceDirectory C:\Users\dherschmann\Documents\koko\koko.logmodel.parent\koko.logmodel.ide\src\test\resources
2021-08-29 16:28:22,288 [Worker-48: Building] INFO  o.e.m.c.i.l.LifecycleMappingFactory - Using DEFAULT lifecycle mapping for MavenProject: koko.logmodel:koko.logmodel.ui:1.0.0-SNAPSHOT @ C:\Users\dherschmann\Documents\koko\koko.logmodel.parent\koko.logmodel.ui\pom.xml.
2021-08-29 16:28:22,309 [Worker-48: Building] INFO  o.e.m.c.i.embedder.EclipseLogger - Using 'windows-1252' encoding to copy filtered resources.
2021-08-29 16:28:22,309 [Worker-48: Building] INFO  o.e.m.c.i.embedder.EclipseLogger - skip non existing resourceDirectory C:\Users\dherschmann\Documents\koko\koko.logmodel.parent\koko.logmodel.ui\src\main\resources
2021-08-29 16:28:22,310 [Worker-48: Building] INFO  o.e.m.c.i.embedder.EclipseLogger - Using 'windows-1252' encoding to copy filtered resources.
2021-08-29 16:28:22,310 [Worker-48: Building] INFO  o.e.m.c.i.embedder.EclipseLogger - skip non existing resourceDirectory C:\Users\dherschmann\Documents\koko\koko.logmodel.parent\koko.logmodel.ui\src\test\resources
2021-08-29 16:28:23,329 [Worker-48: Building] INFO  o.e.m.c.i.l.LifecycleMappingFactory - Using DEFAULT lifecycle mapping for MavenProject: koko.logmodel:koko.logmodel.ui.tests:1.0.0-SNAPSHOT @ C:\Users\dherschmann\Documents\koko\koko.logmodel.parent\koko.logmodel.ui.tests\pom.xml.
2021-08-29 16:28:23,360 [Worker-48: Building] INFO  o.e.m.c.i.embedder.EclipseLogger - Using 'windows-1252' encoding to copy filtered resources.
2021-08-29 16:28:23,361 [Worker-48: Building] INFO  o.e.m.c.i.embedder.EclipseLogger - skip non existing resourceDirectory C:\Users\dherschmann\Documents\koko\koko.logmodel.parent\koko.logmodel.ui.tests\src\main\resources
2021-08-29 16:28:23,362 [Worker-48: Building] INFO  o.e.m.c.i.embedder.EclipseLogger - Using 'windows-1252' encoding to copy filtered resources.
2021-08-29 16:28:23,362 [Worker-48: Building] INFO  o.e.m.c.i.embedder.EclipseLogger - skip non existing resourceDirectory C:\Users\dherschmann\Documents\koko\koko.logmodel.parent\koko.logmodel.ui.tests\src\test\resources
2021-08-29 16:33:20,457 [Worker-48: Building] INFO  o.e.m.c.i.embedder.EclipseLogger - Using 'windows-1252' encoding to copy filtered resources.
2021-08-29 16:33:20,457 [Worker-48: Building] INFO  o.e.m.c.i.embedder.EclipseLogger - skip non existing resourceDirectory C:\Users\dherschmann\Documents\koko\koko.logmodel.parent\koko.logmodel\src\main\resources
2021-08-29 16:33:20,459 [Worker-48: Building] INFO  o.e.m.c.i.embedder.EclipseLogger - Using 'windows-1252' encoding to copy filtered resources.
2021-08-29 16:33:20,459 [Worker-48: Building] INFO  o.e.m.c.i.embedder.EclipseLogger - skip non existing resourceDirectory C:\Users\dherschmann\Documents\koko\koko.logmodel.parent\koko.logmodel\src\test\resources
2021-08-29 16:33:20,473 [Worker-48: Building] INFO  o.e.m.c.i.embedder.EclipseLogger - Using 'windows-1252' encoding to copy filtered resources.
2021-08-29 16:33:20,473 [Worker-48: Building] INFO  o.e.m.c.i.embedder.EclipseLogger - skip non existing resourceDirectory C:\Users\dherschmann\Documents\koko\koko.logmodel.parent\koko.logmodel.tests\src\main\resources
2021-08-29 16:33:20,474 [Worker-48: Building] INFO  o.e.m.c.i.embedder.EclipseLogger - Using 'windows-1252' encoding to copy filtered resources.
2021-08-29 16:33:20,474 [Worker-48: Building] INFO  o.e.m.c.i.embedder.EclipseLogger - skip non existing resourceDirectory C:\Users\dherschmann\Documents\koko\koko.logmodel.parent\koko.logmodel.tests\src\test\resources
2021-08-29 16:33:20,478 [Worker-48: Building] INFO  o.e.m.c.i.embedder.EclipseLogger - Using 'windows-1252' encoding to copy filtered resources.
2021-08-29 16:33:20,478 [Worker-48: Building] INFO  o.e.m.c.i.embedder.EclipseLogger - skip non existing resourceDirectory C:\Users\dherschmann\Documents\koko\koko.logmodel.parent\koko.logmodel.ide\src\main\resources
2021-08-29 16:33:20,479 [Worker-48: Building] INFO  o.e.m.c.i.embedder.EclipseLogger - Using 'windows-1252' encoding to copy filtered resources.
2021-08-29 16:33:20,479 [Worker-48: Building] INFO  o.e.m.c.i.embedder.EclipseLogger - skip non existing resourceDirectory C:\Users\dherschmann\Documents\koko\koko.logmodel.parent\koko.logmodel.ide\src\test\resources
2021-08-29 16:33:20,482 [Worker-48: Building] INFO  o.e.m.c.i.embedder.EclipseLogger - Using 'windows-1252' encoding to copy filtered resources.
2021-08-29 16:33:20,482 [Worker-48: Building] INFO  o.e.m.c.i.embedder.EclipseLogger - skip non existing resourceDirectory C:\Users\dherschmann\Documents\koko\koko.logmodel.parent\koko.logmodel.ui\src\main\resources
2021-08-29 16:33:20,482 [Worker-48: Building] INFO  o.e.m.c.i.embedder.EclipseLogger - Using 'windows-1252' encoding to copy filtered resources.
2021-08-29 16:33:20,482 [Worker-48: Building] INFO  o.e.m.c.i.embedder.EclipseLogger - skip non existing resourceDirectory C:\Users\dherschmann\Documents\koko\koko.logmodel.parent\koko.logmodel.ui\src\test\resources
2021-08-29 16:33:20,500 [Worker-48: Building] INFO  o.e.m.c.i.embedder.EclipseLogger - Using 'windows-1252' encoding to copy filtered resources.
2021-08-29 16:33:20,500 [Worker-48: Building] INFO  o.e.m.c.i.embedder.EclipseLogger - skip non existing resourceDirectory C:\Users\dherschmann\Documents\koko\koko.logmodel.parent\koko.logmodel.ui.tests\src\main\resources
2021-08-29 16:33:20,500 [Worker-48: Building] INFO  o.e.m.c.i.embedder.EclipseLogger - Using 'windows-1252' encoding to copy filtered resources.
2021-08-29 16:33:20,500 [Worker-48: Building] INFO  o.e.m.c.i.embedder.EclipseLogger - skip non existing resourceDirectory C:\Users\dherschmann\Documents\koko\koko.logmodel.parent\koko.logmodel.ui.tests\src\test\resources
2021-08-29 17:07:03,152 [Worker-55: Building] INFO  o.e.m.c.i.embedder.EclipseLogger - Using 'windows-1252' encoding to copy filtered resources.
2021-08-29 17:07:03,152 [Worker-55: Building] INFO  o.e.m.c.i.embedder.EclipseLogger - skip non existing resourceDirectory C:\Users\dherschmann\Documents\koko\koko.logmodel.parent\koko.logmodel\src\main\resources
2021-08-29 17:07:03,153 [Worker-55: Building] INFO  o.e.m.c.i.embedder.EclipseLogger - Using 'windows-1252' encoding to copy filtered resources.
2021-08-29 17:07:03,153 [Worker-55: Building] INFO  o.e.m.c.i.embedder.EclipseLogger - skip non existing resourceDirectory C:\Users\dherschmann\Documents\koko\koko.logmodel.parent\koko.logmodel\src\test\resources
2021-08-29 17:11:19,183 [Worker-49: Building] INFO  o.e.m.c.i.embedder.EclipseLogger - Using 'windows-1252' encoding to copy filtered resources.
2021-08-29 17:11:19,183 [Worker-49: Building] INFO  o.e.m.c.i.embedder.EclipseLogger - skip non existing resourceDirectory C:\Users\dherschmann\Documents\koko\koko.logmodel.parent\koko.logmodel\src\main\resources
2021-08-29 17:11:19,184 [Worker-49: Building] INFO  o.e.m.c.i.embedder.EclipseLogger - Using 'windows-1252' encoding to copy filtered resources.
2021-08-29 17:11:19,184 [Worker-49: Building] INFO  o.e.m.c.i.embedder.EclipseLogger - skip non existing resourceDirectory C:\Users\dherschmann\Documents\koko\koko.logmodel.parent\koko.logmodel\src\test\resources
2021-08-29 17:12:03,218 [Worker-56: Building] INFO  o.e.m.c.i.embedder.EclipseLogger - Using 'windows-1252' encoding to copy filtered resources.
2021-08-29 17:12:03,219 [Worker-56: Building] INFO  o.e.m.c.i.embedder.EclipseLogger - skip non existing resourceDirectory C:\Users\dherschmann\Documents\koko\koko.logmodel.parent\koko.logmodel\src\main\resources
2021-08-29 17:12:03,220 [Worker-56: Building] INFO  o.e.m.c.i.embedder.EclipseLogger - Using 'windows-1252' encoding to copy filtered resources.
2021-08-29 17:12:03,220 [Worker-56: Building] INFO  o.e.m.c.i.embedder.EclipseLogger - skip non existing resourceDirectory C:\Users\dherschmann\Documents\koko\koko.logmodel.parent\koko.logmodel\src\test\resources
2021-08-29 17:13:00,424 [Worker-56: Building] INFO  o.e.m.c.i.embedder.EclipseLogger - Using 'windows-1252' encoding to copy filtered resources.
2021-08-29 17:13:00,425 [Worker-56: Building] INFO  o.e.m.c.i.embedder.EclipseLogger - skip non existing resourceDirectory C:\Users\dherschmann\Documents\koko\koko.logmodel.parent\koko.logmodel\src\main\resources
2021-08-29 17:13:00,425 [Worker-56: Building] INFO  o.e.m.c.i.embedder.EclipseLogger - Using 'windows-1252' encoding to copy filtered resources.
2021-08-29 17:13:00,425 [Worker-56: Building] INFO  o.e.m.c.i.embedder.EclipseLogger - skip non existing resourceDirectory C:\Users\dherschmann\Documents\koko\koko.logmodel.parent\koko.logmodel\src\test\resources
2021-08-29 17:14:25,825 [Worker-54: Building] INFO  o.e.m.c.i.embedder.EclipseLogger - Using 'windows-1252' encoding to copy filtered resources.
2021-08-29 17:14:25,825 [Worker-54: Building] INFO  o.e.m.c.i.embedder.EclipseLogger - skip non existing resourceDirectory C:\Users\dherschmann\Documents\koko\koko.logmodel.parent\koko.logmodel\src\main\resources
2021-08-29 17:14:25,827 [Worker-54: Building] INFO  o.e.m.c.i.embedder.EclipseLogger - Using 'windows-1252' encoding to copy filtered resources.
2021-08-29 17:14:25,827 [Worker-54: Building] INFO  o.e.m.c.i.embedder.EclipseLogger - skip non existing resourceDirectory C:\Users\dherschmann\Documents\koko\koko.logmodel.parent\koko.logmodel\src\test\resources
2021-08-29 17:15:04,098 [Worker-55: Building] INFO  o.e.m.c.i.embedder.EclipseLogger - Using 'windows-1252' encoding to copy filtered resources.
2021-08-29 17:15:04,098 [Worker-55: Building] INFO  o.e.m.c.i.embedder.EclipseLogger - skip non existing resourceDirectory C:\Users\dherschmann\Documents\koko\koko.logmodel.parent\koko.logmodel\src\main\resources
2021-08-29 17:15:04,099 [Worker-55: Building] INFO  o.e.m.c.i.embedder.EclipseLogger - Using 'windows-1252' encoding to copy filtered resources.
2021-08-29 17:15:04,100 [Worker-55: Building] INFO  o.e.m.c.i.embedder.EclipseLogger - skip non existing resourceDirectory C:\Users\dherschmann\Documents\koko\koko.logmodel.parent\koko.logmodel\src\test\resources
2021-08-29 17:16:27,716 [Worker-55: Building] INFO  o.e.m.c.i.embedder.EclipseLogger - Using 'windows-1252' encoding to copy filtered resources.
2021-08-29 17:16:27,717 [Worker-55: Building] INFO  o.e.m.c.i.embedder.EclipseLogger - skip non existing resourceDirectory C:\Users\dherschmann\Documents\koko\koko.logmodel.parent\koko.logmodel\src\main\resources
2021-08-29 17:16:27,718 [Worker-55: Building] INFO  o.e.m.c.i.embedder.EclipseLogger - Using 'windows-1252' encoding to copy filtered resources.
2021-08-29 17:16:27,719 [Worker-55: Building] INFO  o.e.m.c.i.embedder.EclipseLogger - skip non existing resourceDirectory C:\Users\dherschmann\Documents\koko\koko.logmodel.parent\koko.logmodel\src\test\resources
2021-08-29 17:17:46,644 [Worker-49: Building] INFO  o.e.m.c.i.embedder.EclipseLogger - Using 'windows-1252' encoding to copy filtered resources.
2021-08-29 17:17:46,644 [Worker-49: Building] INFO  o.e.m.c.i.embedder.EclipseLogger - skip non existing resourceDirectory C:\Users\dherschmann\Documents\koko\koko.logmodel.parent\koko.logmodel\src\main\resources
2021-08-29 17:17:46,645 [Worker-49: Building] INFO  o.e.m.c.i.embedder.EclipseLogger - Using 'windows-1252' encoding to copy filtered resources.
2021-08-29 17:17:46,646 [Worker-49: Building] INFO  o.e.m.c.i.embedder.EclipseLogger - skip non existing resourceDirectory C:\Users\dherschmann\Documents\koko\koko.logmodel.parent\koko.logmodel\src\test\resources
2021-08-29 17:18:00,456 [Worker-49: Building] INFO  o.e.m.c.i.embedder.EclipseLogger - Using 'windows-1252' encoding to copy filtered resources.
2021-08-29 17:18:00,456 [Worker-49: Building] INFO  o.e.m.c.i.embedder.EclipseLogger - skip non existing resourceDirectory C:\Users\dherschmann\Documents\koko\koko.logmodel.parent\koko.logmodel\src\main\resources
2021-08-29 17:18:00,457 [Worker-49: Building] INFO  o.e.m.c.i.embedder.EclipseLogger - Using 'windows-1252' encoding to copy filtered resources.
2021-08-29 17:18:00,457 [Worker-49: Building] INFO  o.e.m.c.i.embedder.EclipseLogger - skip non existing resourceDirectory C:\Users\dherschmann\Documents\koko\koko.logmodel.parent\koko.logmodel\src\test\resources
2021-08-29 17:18:32,178 [Worker-54: Building] INFO  o.e.m.c.i.embedder.EclipseLogger - Using 'windows-1252' encoding to copy filtered resources.
2021-08-29 17:18:32,178 [Worker-54: Building] INFO  o.e.m.c.i.embedder.EclipseLogger - skip non existing resourceDirectory C:\Users\dherschmann\Documents\koko\koko.logmodel.parent\koko.logmodel\src\main\resources
2021-08-29 17:18:32,179 [Worker-54: Building] INFO  o.e.m.c.i.embedder.EclipseLogger - Using 'windows-1252' encoding to copy filtered resources.
2021-08-29 17:18:32,179 [Worker-54: Building] INFO  o.e.m.c.i.embedder.EclipseLogger - skip non existing resourceDirectory C:\Users\dherschmann\Documents\koko\koko.logmodel.parent\koko.logmodel\src\test\resources
2021-08-29 17:18:33,593 [Worker-54: Building] INFO  o.e.m.c.i.embedder.EclipseLogger - Using 'windows-1252' encoding to copy filtered resources.
2021-08-29 17:18:33,593 [Worker-54: Building] INFO  o.e.m.c.i.embedder.EclipseLogger - skip non existing resourceDirectory C:\Users\dherschmann\Documents\koko\koko.logmodel.parent\koko.logmodel.tests\src\main\resources
2021-08-29 17:18:33,594 [Worker-54: Building] INFO  o.e.m.c.i.embedder.EclipseLogger - Using 'windows-1252' encoding to copy filtered resources.
2021-08-29 17:18:33,594 [Worker-54: Building] INFO  o.e.m.c.i.embedder.EclipseLogger - skip non existing resourceDirectory C:\Users\dherschmann\Documents\koko\koko.logmodel.parent\koko.logmodel.tests\src\test\resources
2021-08-29 17:18:34,743 [Worker-54: Building] INFO  o.e.m.c.i.embedder.EclipseLogger - Using 'windows-1252' encoding to copy filtered resources.
2021-08-29 17:18:34,743 [Worker-54: Building] INFO  o.e.m.c.i.embedder.EclipseLogger - skip non existing resourceDirectory C:\Users\dherschmann\Documents\koko\koko.logmodel.parent\koko.logmodel.ide\src\main\resources
2021-08-29 17:18:34,744 [Worker-54: Building] INFO  o.e.m.c.i.embedder.EclipseLogger - Using 'windows-1252' encoding to copy filtered resources.
2021-08-29 17:18:34,745 [Worker-54: Building] INFO  o.e.m.c.i.embedder.EclipseLogger - skip non existing resourceDirectory C:\Users\dherschmann\Documents\koko\koko.logmodel.parent\koko.logmodel.ide\src\test\resources
2021-08-29 17:18:34,989 [Worker-54: Building] INFO  o.e.m.c.i.embedder.EclipseLogger - Using 'windows-1252' encoding to copy filtered resources.
2021-08-29 17:18:34,989 [Worker-54: Building] INFO  o.e.m.c.i.embedder.EclipseLogger - skip non existing resourceDirectory C:\Users\dherschmann\Documents\koko\koko.logmodel.parent\koko.logmodel.ui\src\main\resources
2021-08-29 17:18:34,990 [Worker-54: Building] INFO  o.e.m.c.i.embedder.EclipseLogger - Using 'windows-1252' encoding to copy filtered resources.
2021-08-29 17:18:34,990 [Worker-54: Building] INFO  o.e.m.c.i.embedder.EclipseLogger - skip non existing resourceDirectory C:\Users\dherschmann\Documents\koko\koko.logmodel.parent\koko.logmodel.ui\src\test\resources
2021-08-29 17:18:36,879 [Worker-54: Building] INFO  o.e.m.c.i.embedder.EclipseLogger - Using 'windows-1252' encoding to copy filtered resources.
2021-08-29 17:18:36,879 [Worker-54: Building] INFO  o.e.m.c.i.embedder.EclipseLogger - skip non existing resourceDirectory C:\Users\dherschmann\Documents\koko\koko.logmodel.parent\koko.logmodel.ui.tests\src\main\resources
2021-08-29 17:18:36,881 [Worker-54: Building] INFO  o.e.m.c.i.embedder.EclipseLogger - Using 'windows-1252' encoding to copy filtered resources.
2021-08-29 17:18:36,881 [Worker-54: Building] INFO  o.e.m.c.i.embedder.EclipseLogger - skip non existing resourceDirectory C:\Users\dherschmann\Documents\koko\koko.logmodel.parent\koko.logmodel.ui.tests\src\test\resources
2021-08-29 17:18:37,051 [Worker-54: Building] INFO  o.e.m.c.i.embedder.EclipseLogger - Using 'windows-1252' encoding to copy filtered resources.
2021-08-29 17:18:37,051 [Worker-54: Building] INFO  o.e.m.c.i.embedder.EclipseLogger - skip non existing resourceDirectory C:\Users\dherschmann\Documents\koko\koko.logmodel.parent\koko.logmodel\src\main\resources
2021-08-29 17:18:37,053 [Worker-54: Building] INFO  o.e.m.c.i.embedder.EclipseLogger - Using 'windows-1252' encoding to copy filtered resources.
2021-08-29 17:18:37,053 [Worker-54: Building] INFO  o.e.m.c.i.embedder.EclipseLogger - skip non existing resourceDirectory C:\Users\dherschmann\Documents\koko\koko.logmodel.parent\koko.logmodel\src\test\resources
2021-08-29 17:18:37,082 [Worker-54: Building] INFO  o.e.m.c.i.embedder.EclipseLogger - Using 'windows-1252' encoding to copy filtered resources.
2021-08-29 17:18:37,082 [Worker-54: Building] INFO  o.e.m.c.i.embedder.EclipseLogger - skip non existing resourceDirectory C:\Users\dherschmann\Documents\koko\koko.logmodel.parent\koko.logmodel.tests\src\main\resources
2021-08-29 17:18:37,083 [Worker-54: Building] INFO  o.e.m.c.i.embedder.EclipseLogger - Using 'windows-1252' encoding to copy filtered resources.
2021-08-29 17:18:37,084 [Worker-54: Building] INFO  o.e.m.c.i.embedder.EclipseLogger - skip non existing resourceDirectory C:\Users\dherschmann\Documents\koko\koko.logmodel.parent\koko.logmodel.tests\src\test\resources
2021-08-29 17:18:37,117 [Worker-54: Building] INFO  o.e.m.c.i.embedder.EclipseLogger - Using 'windows-1252' encoding to copy filtered resources.
2021-08-29 17:18:37,118 [Worker-54: Building] INFO  o.e.m.c.i.embedder.EclipseLogger - skip non existing resourceDirectory C:\Users\dherschmann\Documents\koko\koko.logmodel.parent\koko.logmodel.ide\src\main\resources
2021-08-29 17:18:37,119 [Worker-54: Building] INFO  o.e.m.c.i.embedder.EclipseLogger - Using 'windows-1252' encoding to copy filtered resources.
2021-08-29 17:18:37,120 [Worker-54: Building] INFO  o.e.m.c.i.embedder.EclipseLogger - skip non existing resourceDirectory C:\Users\dherschmann\Documents\koko\koko.logmodel.parent\koko.logmodel.ide\src\test\resources
2021-08-29 17:18:37,159 [Worker-54: Building] INFO  o.e.m.c.i.embedder.EclipseLogger - Using 'windows-1252' encoding to copy filtered resources.
2021-08-29 17:18:37,159 [Worker-54: Building] INFO  o.e.m.c.i.embedder.EclipseLogger - skip non existing resourceDirectory C:\Users\dherschmann\Documents\koko\koko.logmodel.parent\koko.logmodel.ui\src\main\resources
2021-08-29 17:18:37,160 [Worker-54: Building] INFO  o.e.m.c.i.embedder.EclipseLogger - Using 'windows-1252' encoding to copy filtered resources.
2021-08-29 17:18:37,161 [Worker-54: Building] INFO  o.e.m.c.i.embedder.EclipseLogger - skip non existing resourceDirectory C:\Users\dherschmann\Documents\koko\koko.logmodel.parent\koko.logmodel.ui\src\test\resources
2021-08-29 17:18:37,201 [Worker-54: Building] INFO  o.e.m.c.i.embedder.EclipseLogger - Using 'windows-1252' encoding to copy filtered resources.
2021-08-29 17:18:37,201 [Worker-54: Building] INFO  o.e.m.c.i.embedder.EclipseLogger - skip non existing resourceDirectory C:\Users\dherschmann\Documents\koko\koko.logmodel.parent\koko.logmodel.ui.tests\src\main\resources
2021-08-29 17:18:37,203 [Worker-54: Building] INFO  o.e.m.c.i.embedder.EclipseLogger - Using 'windows-1252' encoding to copy filtered resources.
2021-08-29 17:18:37,203 [Worker-54: Building] INFO  o.e.m.c.i.embedder.EclipseLogger - skip non existing resourceDirectory C:\Users\dherschmann\Documents\koko\koko.logmodel.parent\koko.logmodel.ui.tests\src\test\resources
2021-08-29 17:39:29,633 [Worker-55: Building] INFO  o.e.m.c.i.embedder.EclipseLogger - Using 'windows-1252' encoding to copy filtered resources.
2021-08-29 17:39:29,634 [Worker-55: Building] INFO  o.e.m.c.i.embedder.EclipseLogger - skip non existing resourceDirectory C:\Users\dherschmann\Documents\koko\koko.logmodel.parent\koko.logmodel\src\main\resources
2021-08-29 17:39:29,634 [Worker-55: Building] INFO  o.e.m.c.i.embedder.EclipseLogger - Using 'windows-1252' encoding to copy filtered resources.
2021-08-29 17:39:29,634 [Worker-55: Building] INFO  o.e.m.c.i.embedder.EclipseLogger - skip non existing resourceDirectory C:\Users\dherschmann\Documents\koko\koko.logmodel.parent\koko.logmodel\src\test\resources
2021-08-29 17:39:30,179 [Worker-55: Building] INFO  o.e.m.c.i.embedder.EclipseLogger - Using 'windows-1252' encoding to copy filtered resources.
2021-08-29 17:39:30,180 [Worker-55: Building] INFO  o.e.m.c.i.embedder.EclipseLogger - skip non existing resourceDirectory C:\Users\dherschmann\Documents\koko\koko.logmodel.parent\koko.logmodel.tests\src\main\resources
2021-08-29 17:39:30,181 [Worker-55: Building] INFO  o.e.m.c.i.embedder.EclipseLogger - Using 'windows-1252' encoding to copy filtered resources.
2021-08-29 17:39:30,181 [Worker-55: Building] INFO  o.e.m.c.i.embedder.EclipseLogger - skip non existing resourceDirectory C:\Users\dherschmann\Documents\koko\koko.logmodel.parent\koko.logmodel.tests\src\test\resources
2021-08-29 17:39:30,259 [Worker-55: Building] INFO  o.e.m.c.i.embedder.EclipseLogger - Using 'windows-1252' encoding to copy filtered resources.
2021-08-29 17:39:30,259 [Worker-55: Building] INFO  o.e.m.c.i.embedder.EclipseLogger - skip non existing resourceDirectory C:\Users\dherschmann\Documents\koko\koko.logmodel.parent\koko.logmodel.ide\src\main\resources
2021-08-29 17:39:30,260 [Worker-55: Building] INFO  o.e.m.c.i.embedder.EclipseLogger - Using 'windows-1252' encoding to copy filtered resources.
2021-08-29 17:39:30,260 [Worker-55: Building] INFO  o.e.m.c.i.embedder.EclipseLogger - skip non existing resourceDirectory C:\Users\dherschmann\Documents\koko\koko.logmodel.parent\koko.logmodel.ide\src\test\resources
2021-08-29 17:39:30,419 [Worker-55: Building] INFO  o.e.m.c.i.embedder.EclipseLogger - Using 'windows-1252' encoding to copy filtered resources.
2021-08-29 17:39:30,420 [Worker-55: Building] INFO  o.e.m.c.i.embedder.EclipseLogger - skip non existing resourceDirectory C:\Users\dherschmann\Documents\koko\koko.logmodel.parent\koko.logmodel.ui\src\main\resources
2021-08-29 17:39:30,421 [Worker-55: Building] INFO  o.e.m.c.i.embedder.EclipseLogger - Using 'windows-1252' encoding to copy filtered resources.
2021-08-29 17:39:30,421 [Worker-55: Building] INFO  o.e.m.c.i.embedder.EclipseLogger - skip non existing resourceDirectory C:\Users\dherschmann\Documents\koko\koko.logmodel.parent\koko.logmodel.ui\src\test\resources
2021-08-29 17:39:30,616 [Worker-55: Building] INFO  o.e.m.c.i.embedder.EclipseLogger - Using 'windows-1252' encoding to copy filtered resources.
2021-08-29 17:39:30,616 [Worker-55: Building] INFO  o.e.m.c.i.embedder.EclipseLogger - skip non existing resourceDirectory C:\Users\dherschmann\Documents\koko\koko.logmodel.parent\koko.logmodel.ui.tests\src\main\resources
2021-08-29 17:39:30,616 [Worker-55: Building] INFO  o.e.m.c.i.embedder.EclipseLogger - Using 'windows-1252' encoding to copy filtered resources.
2021-08-29 17:39:30,616 [Worker-55: Building] INFO  o.e.m.c.i.embedder.EclipseLogger - skip non existing resourceDirectory C:\Users\dherschmann\Documents\koko\koko.logmodel.parent\koko.logmodel.ui.tests\src\test\resources
2021-08-29 17:39:30,700 [Worker-55: Building] INFO  o.e.m.c.i.embedder.EclipseLogger - Using 'windows-1252' encoding to copy filtered resources.
2021-08-29 17:39:30,700 [Worker-55: Building] INFO  o.e.m.c.i.embedder.EclipseLogger - skip non existing resourceDirectory C:\Users\dherschmann\Documents\koko\koko.logmodel.parent\koko.logmodel\src\main\resources
2021-08-29 17:39:30,701 [Worker-55: Building] INFO  o.e.m.c.i.embedder.EclipseLogger - Using 'windows-1252' encoding to copy filtered resources.
2021-08-29 17:39:30,701 [Worker-55: Building] INFO  o.e.m.c.i.embedder.EclipseLogger - skip non existing resourceDirectory C:\Users\dherschmann\Documents\koko\koko.logmodel.parent\koko.logmodel\src\test\resources
2021-08-29 17:39:30,720 [Worker-55: Building] INFO  o.e.m.c.i.embedder.EclipseLogger - Using 'windows-1252' encoding to copy filtered resources.
2021-08-29 17:39:30,720 [Worker-55: Building] INFO  o.e.m.c.i.embedder.EclipseLogger - skip non existing resourceDirectory C:\Users\dherschmann\Documents\koko\koko.logmodel.parent\koko.logmodel.tests\src\main\resources
2021-08-29 17:39:30,721 [Worker-55: Building] INFO  o.e.m.c.i.embedder.EclipseLogger - Using 'windows-1252' encoding to copy filtered resources.
2021-08-29 17:39:30,721 [Worker-55: Building] INFO  o.e.m.c.i.embedder.EclipseLogger - skip non existing resourceDirectory C:\Users\dherschmann\Documents\koko\koko.logmodel.parent\koko.logmodel.tests\src\test\resources
2021-08-29 17:39:30,738 [Worker-55: Building] INFO  o.e.m.c.i.embedder.EclipseLogger - Using 'windows-1252' encoding to copy filtered resources.
2021-08-29 17:39:30,738 [Worker-55: Building] INFO  o.e.m.c.i.embedder.EclipseLogger - skip non existing resourceDirectory C:\Users\dherschmann\Documents\koko\koko.logmodel.parent\koko.logmodel.ide\src\main\resources
2021-08-29 17:39:30,739 [Worker-55: Building] INFO  o.e.m.c.i.embedder.EclipseLogger - Using 'windows-1252' encoding to copy filtered resources.
2021-08-29 17:39:30,739 [Worker-55: Building] INFO  o.e.m.c.i.embedder.EclipseLogger - skip non existing resourceDirectory C:\Users\dherschmann\Documents\koko\koko.logmodel.parent\koko.logmodel.ide\src\test\resources
2021-08-29 17:39:30,756 [Worker-55: Building] INFO  o.e.m.c.i.embedder.EclipseLogger - Using 'windows-1252' encoding to copy filtered resources.
2021-08-29 17:39:30,756 [Worker-55: Building] INFO  o.e.m.c.i.embedder.EclipseLogger - skip non existing resourceDirectory C:\Users\dherschmann\Documents\koko\koko.logmodel.parent\koko.logmodel.ui\src\main\resources
2021-08-29 17:39:30,757 [Worker-55: Building] INFO  o.e.m.c.i.embedder.EclipseLogger - Using 'windows-1252' encoding to copy filtered resources.
2021-08-29 17:39:30,757 [Worker-55: Building] INFO  o.e.m.c.i.embedder.EclipseLogger - skip non existing resourceDirectory C:\Users\dherschmann\Documents\koko\koko.logmodel.parent\koko.logmodel.ui\src\test\resources
2021-08-29 17:39:30,774 [Worker-55: Building] INFO  o.e.m.c.i.embedder.EclipseLogger - Using 'windows-1252' encoding to copy filtered resources.
2021-08-29 17:39:30,774 [Worker-55: Building] INFO  o.e.m.c.i.embedder.EclipseLogger - skip non existing resourceDirectory C:\Users\dherschmann\Documents\koko\koko.logmodel.parent\koko.logmodel.ui.tests\src\main\resources
2021-08-29 17:39:30,775 [Worker-55: Building] INFO  o.e.m.c.i.embedder.EclipseLogger - Using 'windows-1252' encoding to copy filtered resources.
2021-08-29 17:39:30,775 [Worker-55: Building] INFO  o.e.m.c.i.embedder.EclipseLogger - skip non existing resourceDirectory C:\Users\dherschmann\Documents\koko\koko.logmodel.parent\koko.logmodel.ui.tests\src\test\resources
2021-08-29 17:41:37,329 [Worker-54: Building] INFO  o.e.m.c.i.embedder.EclipseLogger - Using 'windows-1252' encoding to copy filtered resources.
2021-08-29 17:41:37,329 [Worker-54: Building] INFO  o.e.m.c.i.embedder.EclipseLogger - skip non existing resourceDirectory C:\Users\dherschmann\Documents\koko\koko.logmodel.parent\koko.logmodel\src\main\resources
2021-08-29 17:41:37,330 [Worker-54: Building] INFO  o.e.m.c.i.embedder.EclipseLogger - Using 'windows-1252' encoding to copy filtered resources.
2021-08-29 17:41:37,330 [Worker-54: Building] INFO  o.e.m.c.i.embedder.EclipseLogger - skip non existing resourceDirectory C:\Users\dherschmann\Documents\koko\koko.logmodel.parent\koko.logmodel\src\test\resources
2021-08-29 17:41:37,824 [Worker-54: Building] INFO  o.e.m.c.i.embedder.EclipseLogger - Using 'windows-1252' encoding to copy filtered resources.
2021-08-29 17:41:37,824 [Worker-54: Building] INFO  o.e.m.c.i.embedder.EclipseLogger - skip non existing resourceDirectory C:\Users\dherschmann\Documents\koko\koko.logmodel.parent\koko.logmodel.tests\src\main\resources
2021-08-29 17:41:37,825 [Worker-54: Building] INFO  o.e.m.c.i.embedder.EclipseLogger - Using 'windows-1252' encoding to copy filtered resources.
2021-08-29 17:41:37,825 [Worker-54: Building] INFO  o.e.m.c.i.embedder.EclipseLogger - skip non existing resourceDirectory C:\Users\dherschmann\Documents\koko\koko.logmodel.parent\koko.logmodel.tests\src\test\resources
2021-08-29 17:41:37,975 [Worker-54: Building] INFO  o.e.m.c.i.embedder.EclipseLogger - Using 'windows-1252' encoding to copy filtered resources.
2021-08-29 17:41:37,975 [Worker-54: Building] INFO  o.e.m.c.i.embedder.EclipseLogger - skip non existing resourceDirectory C:\Users\dherschmann\Documents\koko\koko.logmodel.parent\koko.logmodel.ide\src\main\resources
2021-08-29 17:41:37,976 [Worker-54: Building] INFO  o.e.m.c.i.embedder.EclipseLogger - Using 'windows-1252' encoding to copy filtered resources.
2021-08-29 17:41:37,976 [Worker-54: Building] INFO  o.e.m.c.i.embedder.EclipseLogger - skip non existing resourceDirectory C:\Users\dherschmann\Documents\koko\koko.logmodel.parent\koko.logmodel.ide\src\test\resources
2021-08-29 17:41:38,313 [Worker-54: Building] INFO  o.e.m.c.i.embedder.EclipseLogger - Using 'windows-1252' encoding to copy filtered resources.
2021-08-29 17:41:38,314 [Worker-54: Building] INFO  o.e.m.c.i.embedder.EclipseLogger - skip non existing resourceDirectory C:\Users\dherschmann\Documents\koko\koko.logmodel.parent\koko.logmodel.ui\src\main\resources
2021-08-29 17:41:38,315 [Worker-54: Building] INFO  o.e.m.c.i.embedder.EclipseLogger - Using 'windows-1252' encoding to copy filtered resources.
2021-08-29 17:41:38,315 [Worker-54: Building] INFO  o.e.m.c.i.embedder.EclipseLogger - skip non existing resourceDirectory C:\Users\dherschmann\Documents\koko\koko.logmodel.parent\koko.logmodel.ui\src\test\resources
2021-08-29 17:41:38,494 [Worker-54: Building] INFO  o.e.m.c.i.embedder.EclipseLogger - Using 'windows-1252' encoding to copy filtered resources.
2021-08-29 17:41:38,494 [Worker-54: Building] INFO  o.e.m.c.i.embedder.EclipseLogger - skip non existing resourceDirectory C:\Users\dherschmann\Documents\koko\koko.logmodel.parent\koko.logmodel.ui.tests\src\main\resources
2021-08-29 17:41:38,495 [Worker-54: Building] INFO  o.e.m.c.i.embedder.EclipseLogger - Using 'windows-1252' encoding to copy filtered resources.
2021-08-29 17:41:38,495 [Worker-54: Building] INFO  o.e.m.c.i.embedder.EclipseLogger - skip non existing resourceDirectory C:\Users\dherschmann\Documents\koko\koko.logmodel.parent\koko.logmodel.ui.tests\src\test\resources
2021-08-29 17:41:38,582 [Worker-54: Building] INFO  o.e.m.c.i.embedder.EclipseLogger - Using 'windows-1252' encoding to copy filtered resources.
2021-08-29 17:41:38,582 [Worker-54: Building] INFO  o.e.m.c.i.embedder.EclipseLogger - skip non existing resourceDirectory C:\Users\dherschmann\Documents\koko\koko.logmodel.parent\koko.logmodel\src\main\resources
2021-08-29 17:41:38,583 [Worker-54: Building] INFO  o.e.m.c.i.embedder.EclipseLogger - Using 'windows-1252' encoding to copy filtered resources.
2021-08-29 17:41:38,583 [Worker-54: Building] INFO  o.e.m.c.i.embedder.EclipseLogger - skip non existing resourceDirectory C:\Users\dherschmann\Documents\koko\koko.logmodel.parent\koko.logmodel\src\test\resources
2021-08-29 17:41:38,608 [Worker-54: Building] INFO  o.e.m.c.i.embedder.EclipseLogger - Using 'windows-1252' encoding to copy filtered resources.
2021-08-29 17:41:38,608 [Worker-54: Building] INFO  o.e.m.c.i.embedder.EclipseLogger - skip non existing resourceDirectory C:\Users\dherschmann\Documents\koko\koko.logmodel.parent\koko.logmodel.tests\src\main\resources
2021-08-29 17:41:38,609 [Worker-54: Building] INFO  o.e.m.c.i.embedder.EclipseLogger - Using 'windows-1252' encoding to copy filtered resources.
2021-08-29 17:41:38,609 [Worker-54: Building] INFO  o.e.m.c.i.embedder.EclipseLogger - skip non existing resourceDirectory C:\Users\dherschmann\Documents\koko\koko.logmodel.parent\koko.logmodel.tests\src\test\resources
2021-08-29 17:41:38,631 [Worker-54: Building] INFO  o.e.m.c.i.embedder.EclipseLogger - Using 'windows-1252' encoding to copy filtered resources.
2021-08-29 17:41:38,631 [Worker-54: Building] INFO  o.e.m.c.i.embedder.EclipseLogger - skip non existing resourceDirectory C:\Users\dherschmann\Documents\koko\koko.logmodel.parent\koko.logmodel.ide\src\main\resources
2021-08-29 17:41:38,632 [Worker-54: Building] INFO  o.e.m.c.i.embedder.EclipseLogger - Using 'windows-1252' encoding to copy filtered resources.
2021-08-29 17:41:38,633 [Worker-54: Building] INFO  o.e.m.c.i.embedder.EclipseLogger - skip non existing resourceDirectory C:\Users\dherschmann\Documents\koko\koko.logmodel.parent\koko.logmodel.ide\src\test\resources
2021-08-29 17:41:38,654 [Worker-54: Building] INFO  o.e.m.c.i.embedder.EclipseLogger - Using 'windows-1252' encoding to copy filtered resources.
2021-08-29 17:41:38,654 [Worker-54: Building] INFO  o.e.m.c.i.embedder.EclipseLogger - skip non existing resourceDirectory C:\Users\dherschmann\Documents\koko\koko.logmodel.parent\koko.logmodel.ui\src\main\resources
2021-08-29 17:41:38,655 [Worker-54: Building] INFO  o.e.m.c.i.embedder.EclipseLogger - Using 'windows-1252' encoding to copy filtered resources.
2021-08-29 17:41:38,655 [Worker-54: Building] INFO  o.e.m.c.i.embedder.EclipseLogger - skip non existing resourceDirectory C:\Users\dherschmann\Documents\koko\koko.logmodel.parent\koko.logmodel.ui\src\test\resources
2021-08-29 17:41:38,673 [Worker-54: Building] INFO  o.e.m.c.i.embedder.EclipseLogger - Using 'windows-1252' encoding to copy filtered resources.
2021-08-29 17:41:38,673 [Worker-54: Building] INFO  o.e.m.c.i.embedder.EclipseLogger - skip non existing resourceDirectory C:\Users\dherschmann\Documents\koko\koko.logmodel.parent\koko.logmodel.ui.tests\src\main\resources
2021-08-29 17:41:38,674 [Worker-54: Building] INFO  o.e.m.c.i.embedder.EclipseLogger - Using 'windows-1252' encoding to copy filtered resources.
2021-08-29 17:41:38,675 [Worker-54: Building] INFO  o.e.m.c.i.embedder.EclipseLogger - skip non existing resourceDirectory C:\Users\dherschmann\Documents\koko\koko.logmodel.parent\koko.logmodel.ui.tests\src\test\resources
2021-08-29 17:44:52,944 [Worker-54: Building] INFO  o.e.m.c.i.embedder.EclipseLogger - Using 'windows-1252' encoding to copy filtered resources.
2021-08-29 17:44:52,944 [Worker-54: Building] INFO  o.e.m.c.i.embedder.EclipseLogger - skip non existing resourceDirectory C:\Users\dherschmann\Documents\koko\koko.logmodel.parent\koko.logmodel\src\main\resources
2021-08-29 17:44:52,945 [Worker-54: Building] INFO  o.e.m.c.i.embedder.EclipseLogger - Using 'windows-1252' encoding to copy filtered resources.
2021-08-29 17:44:52,945 [Worker-54: Building] INFO  o.e.m.c.i.embedder.EclipseLogger - skip non existing resourceDirectory C:\Users\dherschmann\Documents\koko\koko.logmodel.parent\koko.logmodel\src\test\resources
2021-08-29 17:44:53,413 [Worker-54: Building] INFO  o.e.m.c.i.embedder.EclipseLogger - Using 'windows-1252' encoding to copy filtered resources.
2021-08-29 17:44:53,414 [Worker-54: Building] INFO  o.e.m.c.i.embedder.EclipseLogger - skip non existing resourceDirectory C:\Users\dherschmann\Documents\koko\koko.logmodel.parent\koko.logmodel.tests\src\main\resources
2021-08-29 17:44:53,414 [Worker-54: Building] INFO  o.e.m.c.i.embedder.EclipseLogger - Using 'windows-1252' encoding to copy filtered resources.
2021-08-29 17:44:53,414 [Worker-54: Building] INFO  o.e.m.c.i.embedder.EclipseLogger - skip non existing resourceDirectory C:\Users\dherschmann\Documents\koko\koko.logmodel.parent\koko.logmodel.tests\src\test\resources
2021-08-29 17:44:53,486 [Worker-54: Building] INFO  o.e.m.c.i.embedder.EclipseLogger - Using 'windows-1252' encoding to copy filtered resources.
2021-08-29 17:44:53,486 [Worker-54: Building] INFO  o.e.m.c.i.embedder.EclipseLogger - skip non existing resourceDirectory C:\Users\dherschmann\Documents\koko\koko.logmodel.parent\koko.logmodel.ide\src\main\resources
2021-08-29 17:44:53,487 [Worker-54: Building] INFO  o.e.m.c.i.embedder.EclipseLogger - Using 'windows-1252' encoding to copy filtered resources.
2021-08-29 17:44:53,487 [Worker-54: Building] INFO  o.e.m.c.i.embedder.EclipseLogger - skip non existing resourceDirectory C:\Users\dherschmann\Documents\koko\koko.logmodel.parent\koko.logmodel.ide\src\test\resources
2021-08-29 17:44:53,642 [Worker-54: Building] INFO  o.e.m.c.i.embedder.EclipseLogger - Using 'windows-1252' encoding to copy filtered resources.
2021-08-29 17:44:53,642 [Worker-54: Building] INFO  o.e.m.c.i.embedder.EclipseLogger - skip non existing resourceDirectory C:\Users\dherschmann\Documents\koko\koko.logmodel.parent\koko.logmodel.ui\src\main\resources
2021-08-29 17:44:53,643 [Worker-54: Building] INFO  o.e.m.c.i.embedder.EclipseLogger - Using 'windows-1252' encoding to copy filtered resources.
2021-08-29 17:44:53,643 [Worker-54: Building] INFO  o.e.m.c.i.embedder.EclipseLogger - skip non existing resourceDirectory C:\Users\dherschmann\Documents\koko\koko.logmodel.parent\koko.logmodel.ui\src\test\resources
2021-08-29 17:44:53,807 [Worker-54: Building] INFO  o.e.m.c.i.embedder.EclipseLogger - Using 'windows-1252' encoding to copy filtered resources.
2021-08-29 17:44:53,807 [Worker-54: Building] INFO  o.e.m.c.i.embedder.EclipseLogger - skip non existing resourceDirectory C:\Users\dherschmann\Documents\koko\koko.logmodel.parent\koko.logmodel.ui.tests\src\main\resources
2021-08-29 17:44:53,808 [Worker-54: Building] INFO  o.e.m.c.i.embedder.EclipseLogger - Using 'windows-1252' encoding to copy filtered resources.
2021-08-29 17:44:53,808 [Worker-54: Building] INFO  o.e.m.c.i.embedder.EclipseLogger - skip non existing resourceDirectory C:\Users\dherschmann\Documents\koko\koko.logmodel.parent\koko.logmodel.ui.tests\src\test\resources
2021-08-29 17:44:53,893 [Worker-54: Building] INFO  o.e.m.c.i.embedder.EclipseLogger - Using 'windows-1252' encoding to copy filtered resources.
2021-08-29 17:44:53,893 [Worker-54: Building] INFO  o.e.m.c.i.embedder.EclipseLogger - skip non existing resourceDirectory C:\Users\dherschmann\Documents\koko\koko.logmodel.parent\koko.logmodel\src\main\resources
2021-08-29 17:44:53,894 [Worker-54: Building] INFO  o.e.m.c.i.embedder.EclipseLogger - Using 'windows-1252' encoding to copy filtered resources.
2021-08-29 17:44:53,894 [Worker-54: Building] INFO  o.e.m.c.i.embedder.EclipseLogger - skip non existing resourceDirectory C:\Users\dherschmann\Documents\koko\koko.logmodel.parent\koko.logmodel\src\test\resources
2021-08-29 17:44:53,918 [Worker-54: Building] INFO  o.e.m.c.i.embedder.EclipseLogger - Using 'windows-1252' encoding to copy filtered resources.
2021-08-29 17:44:53,918 [Worker-54: Building] INFO  o.e.m.c.i.embedder.EclipseLogger - skip non existing resourceDirectory C:\Users\dherschmann\Documents\koko\koko.logmodel.parent\koko.logmodel.tests\src\main\resources
2021-08-29 17:44:53,918 [Worker-54: Building] INFO  o.e.m.c.i.embedder.EclipseLogger - Using 'windows-1252' encoding to copy filtered resources.
2021-08-29 17:44:53,918 [Worker-54: Building] INFO  o.e.m.c.i.embedder.EclipseLogger - skip non existing resourceDirectory C:\Users\dherschmann\Documents\koko\koko.logmodel.parent\koko.logmodel.tests\src\test\resources
2021-08-29 17:44:53,938 [Worker-54: Building] INFO  o.e.m.c.i.embedder.EclipseLogger - Using 'windows-1252' encoding to copy filtered resources.
2021-08-29 17:44:53,938 [Worker-54: Building] INFO  o.e.m.c.i.embedder.EclipseLogger - skip non existing resourceDirectory C:\Users\dherschmann\Documents\koko\koko.logmodel.parent\koko.logmodel.ide\src\main\resources
2021-08-29 17:44:53,939 [Worker-54: Building] INFO  o.e.m.c.i.embedder.EclipseLogger - Using 'windows-1252' encoding to copy filtered resources.
2021-08-29 17:44:53,939 [Worker-54: Building] INFO  o.e.m.c.i.embedder.EclipseLogger - skip non existing resourceDirectory C:\Users\dherschmann\Documents\koko\koko.logmodel.parent\koko.logmodel.ide\src\test\resources
2021-08-29 17:44:53,960 [Worker-54: Building] INFO  o.e.m.c.i.embedder.EclipseLogger - Using 'windows-1252' encoding to copy filtered resources.
2021-08-29 17:44:53,961 [Worker-54: Building] INFO  o.e.m.c.i.embedder.EclipseLogger - skip non existing resourceDirectory C:\Users\dherschmann\Documents\koko\koko.logmodel.parent\koko.logmodel.ui\src\main\resources
2021-08-29 17:44:53,961 [Worker-54: Building] INFO  o.e.m.c.i.embedder.EclipseLogger - Using 'windows-1252' encoding to copy filtered resources.
2021-08-29 17:44:53,961 [Worker-54: Building] INFO  o.e.m.c.i.embedder.EclipseLogger - skip non existing resourceDirectory C:\Users\dherschmann\Documents\koko\koko.logmodel.parent\koko.logmodel.ui\src\test\resources
2021-08-29 17:44:53,982 [Worker-54: Building] INFO  o.e.m.c.i.embedder.EclipseLogger - Using 'windows-1252' encoding to copy filtered resources.
2021-08-29 17:44:53,982 [Worker-54: Building] INFO  o.e.m.c.i.embedder.EclipseLogger - skip non existing resourceDirectory C:\Users\dherschmann\Documents\koko\koko.logmodel.parent\koko.logmodel.ui.tests\src\main\resources
2021-08-29 17:44:53,983 [Worker-54: Building] INFO  o.e.m.c.i.embedder.EclipseLogger - Using 'windows-1252' encoding to copy filtered resources.
2021-08-29 17:44:53,983 [Worker-54: Building] INFO  o.e.m.c.i.embedder.EclipseLogger - skip non existing resourceDirectory C:\Users\dherschmann\Documents\koko\koko.logmodel.parent\koko.logmodel.ui.tests\src\test\resources
